flower 0 {X:430 Y:500}
flower2 {X:820 Y:500}
flower1 {X:620 Y:500}
second rows X is 590
 (row 3's y is 678
row 1's y is 502


354,448
515,518


519,448
717,522


719,450
901,521


355,524
515,609


354,611
516,693

Top layers height is 20f
start 1 at roughly X = 200
Start layer 2 at Y 70
start layer 3 at Y 130
Starting shrub {X:324 Y:458}
Log(5 Shrubs down ending at {X:316 Y:685}
right hand side starts at ...only use X {X:918 Y:466}
12 shrubs across the top, starting at {X:375 Y:425}
1192,124                1199,124     1208,124
rightRock.position
{X:1014 Y:544}
{X:82 Y:544}
{X:59 Y:527}
{X:22 Y:194}
